[0m[[0m[0mdebug[0m] [0m[0m> Exec(;reload; set _root_.org.jetbrains.sbt.StructureKeys.sbtStructureOptions in Global := "download, resolveSourceClassifiers, resolveSbtClassifiers" ;preferScala2;*/*:dumpStructureTo /private/var/folders/3x/6f0t20ld19n4zsll28gwtny80000gp/T/sbt-structure.xml; session clear-all, None, None)[0m
[0m[[0m[0mdebug[0m] [0m[0m> Exec(reload, None, None)[0m
[0m[[0m[0mdebug[0m] [0m[0m> Exec(sbtStashOnFailure, None, None)[0m
[0m[[0m[0mdebug[0m] [0m[0m> Exec(onFailure loadFailed, None, None)[0m
[0m[[0m[0mdebug[0m] [0m[0m> Exec(loadp, None, None)[0m
[0m[[0m[0minfo[0m] [0m[0mwelcome to sbt 1.10.3 (Oracle Corporation Java 17.0.12)[0m
[0m[[0m[0mdebug[0m] [0m[0mLoad.defaultLoad until apply took 1.453565ms[0m
[0m[[0m[0mdebug[0m] [0m[0m          Load.loadUnit: plugins took 10.493128ms[0m
[0m[[0m[0mdebug[0m] [0m[0m          Load.loadUnit: defsScala took 0.002394ms[0m
[0m[[0m[0mdebug[0m] [0m[0m[Loading] Scanning directory /Users/klimnikishinofficialgmail.com/scala-workspace/StocksTradingApp/project[0m
[0m[[0m[0mdebug[0m] [0m[0m            Load.loadUnit: mkEval took 0.144635ms[0m
[0m[[0m[0mdebug[0m] [0m[0m[Loading] Found non-root projects [0m
[0m[[0m[0mdebug[0m] [0m[0m[Loading] Done in /Users/klimnikishinofficialgmail.com/scala-workspace/StocksTradingApp/project, returning: ()[0m
[0m[[0m[0mdebug[0m] [0m[0mdeducing auto plugins based on known facts Set(Atom(sbt.plugins.CorePlugin)) and clauses Clauses(Clause(Atom(sbt.plugins.JvmPlugin),Set(Atom(sbt.plugins.IvyPlugin)))[0m
[0m[[0m[0mdebug[0m] [0m[0mClause(Atom(sbt.ScriptedPlugin),Set(Atom(sbt.plugins.JvmPlugin)))[0m
[0m[[0m[0mdebug[0m] [0m[0mClause(Atom(sbt.plugins.SbtPlugin),Set(Atom(sbt.ScriptedPlugin)))[0m
[0m[[0m[0mdebug[0m] [0m[0mClause(Atom(sbt.plugins.SemanticdbPlugin),Set(Atom(sbt.plugins.JvmPlugin)))[0m
[0m[[0m[0mdebug[0m] [0m[0mClause(Atom(sbt.plugins.JUnitXmlReportPlugin),Set(Atom(sbt.plugins.JvmPlugin)))[0m
[0m[[0m[0mdebug[0m] [0m[0mClause(Atom(sbt.plugins.MiniDependencyTreePlugin),Set(Atom(sbt.plugins.JvmPlugin)))[0m
[0m[[0m[0mdebug[0m] [0m[0mClause(Atom(sbt.plugins.CorePlugin),Set(Atom(sbt.plugins.IvyPlugin)))[0m
[0m[[0m[0mdebug[0m] [0m[0mClause(Atom(sbt.plugins.IvyPlugin),Set(Atom(sbt.plugins.JvmPlugin)))[0m
[0m[[0m[0mdebug[0m] [0m[0mClause(Atom(sbt.plugins.JvmPlugin),Set(Atom(sbt.plugins.SemanticdbPlugin)))[0m
[0m[[0m[0mdebug[0m] [0m[0mClause(Atom(sbt.plugins.JvmPlugin),Set(Atom(sbt.plugins.JUnitXmlReportPlugin)))[0m
[0m[[0m[0mdebug[0m] [0m[0mClause(Atom(sbt.plugins.CorePlugin),Set(Atom(sbt.plugins.Giter8TemplatePlugin)))[0m
[0m[[0m[0mdebug[0m] [0m[0mClause(Atom(sbt.plugins.JvmPlugin),Set(Atom(sbt.plugins.MiniDependencyTreePlugin))))[0m
[0m[[0m[0mdebug[0m] [0m[0m  :: deduced result: Matched(sbt.plugins.CorePlugin,sbt.plugins.Giter8TemplatePlugin,sbt.plugins.IvyPlugin,sbt.plugins.JvmPlugin,sbt.plugins.MiniDependencyTreePlugin,sbt.plugins.JUnitXmlReportPlugin,sbt.plugins.SemanticdbPlugin)[0m
[0m[[0m[0mdebug[0m] [0m[0mPlugins.deducer#function took 1.227222 ms[0m
[0m[[0m[0minfo[0m] [0m[0mloading settings for project stockstradingapp-build from idea.sbt ...[0m
[0m[[0m[0mdebug[0m] [0m[0m              Load.resolveProject(stockstradingapp-build) took 1.363414ms[0m
[0m[[0m[0mdebug[0m] [0m[0m            Load.loadTransitive: finalizeProject(Project(id stockstradingapp-build, base: /Users/klimnikishinofficialgmail.com/scala-workspace/StocksTradingApp/project, plugins: List(<none>))) took 2.952944ms[0m
[0m[[0m[0mdebug[0m] [0m[0m[Loading] Done in /Users/klimnikishinofficialgmail.com/scala-workspace/StocksTradingApp/project, returning: (stockstradingapp-build)[0m
[0m[[0m[0mdebug[0m] [0m[0m          Load.loadUnit: loadedProjectsRaw took 13.380599ms[0m
[0m[[0m[0mdebug[0m] [0m[0m          Load.loadUnit: cleanEvalClasses took 0.556871ms[0m
[0m[[0m[0mdebug[0m] [0m[0m        Load.loadUnit(file:/Users/klimnikishinofficialgmail.com/scala-workspace/StocksTradingApp/project/, ...) took 24.840538ms[0m
[0m[[0m[0mdebug[0m] [0m[0m      Load.apply: load took 25.820203ms[0m
[0m[[0m[0mdebug[0m] [0m[0m      Load.apply: resolveProjects took 0.112158ms[0m
[0m[[0m[0mdebug[0m] [0m[0m      Load.apply: finalTransforms took 9.526422ms[0m
[0m[[0m[0mdebug[0m] [0m[0m      Load.apply: config.delegates took 0.285987ms[0m
[0m[[0m[0mdebug[0m] [0m[0m      Load.apply: Def.make(settings)... took 68.484364ms[0m
[0m[[0m[0mdebug[0m] [0m[0m      Load.apply: structureIndex took 23.370549ms[0m
[0m[[0m[0mdebug[0m] [0m[0m      Load.apply: mkStreams took 0.002122ms[0m
[0m[[0m[0minfo[0m] [0m[0mloading project definition from /Users/klimnikishinofficialgmail.com/scala-workspace/StocksTradingApp/project[0m
[0m[[0m[0mdebug[0m] [0m[0mRunning task... Cancel: Signal, check cycles: false, forcegc: true[0m
[0m[[0m[0mdebug[0m] [0m[0m    Load.loadUnit: plugins took 231.781184ms[0m
[0m[[0m[0mdebug[0m] [0m[0m    Load.loadUnit: defsScala took 0.00291ms[0m
[0m[[0m[0mdebug[0m] [0m[0m[Loading] Scanning directory /Users/klimnikishinofficialgmail.com/scala-workspace/StocksTradingApp[0m
[0m[[0m[0mdebug[0m] [0m[0m      Load.loadUnit: mkEval took 0.125315ms[0m
[0m[[0m[0mdebug[0m] [0m[0m[Loading] Found non-root projects [0m
[0m[[0m[0mdebug[0m] [0m[0m[Loading] Done in /Users/klimnikishinofficialgmail.com/scala-workspace/StocksTradingApp, returning: ()[0m
[0m[[0m[0mdebug[0m] [0m[0mdeducing auto plugins based on known facts Set(Atom(sbt.plugins.CorePlugin)) and clauses Clauses(Clause(Atom(sbt.plugins.JvmPlugin),Set(Atom(sbt.plugins.IvyPlugin)))[0m
[0m[[0m[0mdebug[0m] [0m[0mClause(Atom(sbt.ScriptedPlugin),Set(Atom(sbt.plugins.JvmPlugin)))[0m
[0m[[0m[0mdebug[0m] [0m[0mClause(Atom(sbt.plugins.SbtPlugin),Set(Atom(sbt.ScriptedPlugin)))[0m
[0m[[0m[0mdebug[0m] [0m[0mClause(Atom(sbt.plugins.SemanticdbPlugin),Set(Atom(sbt.plugins.JvmPlugin)))[0m
[0m[[0m[0mdebug[0m] [0m[0mClause(Atom(sbt.plugins.JUnitXmlReportPlugin),Set(Atom(sbt.plugins.JvmPlugin)))[0m
[0m[[0m[0mdebug[0m] [0m[0mClause(Atom(sbt.plugins.MiniDependencyTreePlugin),Set(Atom(sbt.plugins.JvmPlugin)))[0m
[0m[[0m[0mdebug[0m] [0m[0mClause(Atom(org.jetbrains.sbt.StructurePlugin),Set(Atom(sbt.plugins.JvmPlugin)))[0m
[0m[[0m[0mdebug[0m] [0m[0mClause(Atom(org.jetbrains.sbt.IdeaShellPlugin),Set(Atom(sbt.plugins.JvmPlugin)))[0m
[0m[[0m[0mdebug[0m] [0m[0mClause(Atom(sbt.plugins.CorePlugin),Set(Atom(sbt.plugins.IvyPlugin)))[0m
[0m[[0m[0mdebug[0m] [0m[0mClause(Atom(sbt.plugins.IvyPlugin),Set(Atom(sbt.plugins.JvmPlugin)))[0m
[0m[[0m[0mdebug[0m] [0m[0mClause(Atom(sbt.plugins.JvmPlugin),Set(Atom(sbt.plugins.SemanticdbPlugin)))[0m
[0m[[0m[0mdebug[0m] [0m[0mClause(Atom(sbt.plugins.JvmPlugin),Set(Atom(sbt.plugins.JUnitXmlReportPlugin)))[0m
[0m[[0m[0mdebug[0m] [0m[0mClause(Atom(sbt.plugins.CorePlugin),Set(Atom(sbt.plugins.Giter8TemplatePlugin)))[0m
[0m[[0m[0mdebug[0m] [0m[0mClause(Atom(sbt.plugins.JvmPlugin),Set(Atom(sbt.plugins.MiniDependencyTreePlugin)))[0m
[0m[[0m[0mdebug[0m] [0m[0mClause(Atom(sbt.plugins.JvmPlugin),Set(Atom(org.jetbrains.sbt.StructurePlugin)))[0m
[0m[[0m[0mdebug[0m] [0m[0mClause(Atom(sbt.plugins.JvmPlugin),Set(Atom(org.jetbrains.sbt.IdeaShellPlugin))))[0m
[0m[[0m[0mdebug[0m] [0m[0m  :: deduced result: Matched(sbt.plugins.CorePlugin,sbt.plugins.Giter8TemplatePlugin,sbt.plugins.IvyPlugin,sbt.plugins.JvmPlugin,sbt.plugins.SemanticdbPlugin,sbt.plugins.JUnitXmlReportPlugin,org.jetbrains.sbt.IdeaShellPlugin,org.jetbrains.sbt.StructurePlugin,sbt.plugins.MiniDependencyTreePlugin)[0m
[0m[[0m[0mdebug[0m] [0m[0mPlugins.deducer#function took 1.35184 ms[0m
[0m[[0m[0minfo[0m] [0m[0mloading settings for project stockstradingapp from build.sbt ...[0m
[0m[[0m[0mdebug[0m] [0m[0m        Load.resolveProject(stockstradingapp) took 17.672203ms[0m
[0m[[0m[0mdebug[0m] [0m[0m      Load.loadTransitive: finalizeProject(Project(id stockstradingapp, base: /Users/klimnikishinofficialgmail.com/scala-workspace/StocksTradingApp, plugins: List(<none>))) took 19.354831ms[0m
[0m[[0m[0mdebug[0m] [0m[0m[Loading] Done in /Users/klimnikishinofficialgmail.com/scala-workspace/StocksTradingApp, returning: (stockstradingapp)[0m
[0m[[0m[0mdebug[0m] [0m[0m    Load.loadUnit: loadedProjectsRaw took 35.621137ms[0m
[0m[[0m[0mdebug[0m] [0m[0m    Load.loadUnit: cleanEvalClasses took 1.115237ms[0m
[0m[[0m[0mdebug[0m] [0m[0m  Load.loadUnit(file:/Users/klimnikishinofficialgmail.com/scala-workspace/StocksTradingApp/, ...) took 268.916673ms[0m
[0m[[0m[0mdebug[0m] [0m[0mLoad.apply: load took 270.277394ms[0m
[0m[[0m[0mdebug[0m] [0m[0mLoad.apply: resolveProjects took 0.075322ms[0m
[0m[[0m[0mdebug[0m] [0m[0mLoad.apply: finalTransforms took 13.773921ms[0m
[0m[[0m[0mdebug[0m] [0m[0mLoad.apply: config.delegates took 0.291047ms[0m
[0m[[0m[0mdebug[0m] [0m[0mLoad.apply: Def.make(settings)... took 61.949553ms[0m
[0m[[0m[0mdebug[0m] [0m[0mLoad.apply: structureIndex took 25.176513ms[0m
[0m[[0m[0mdebug[0m] [0m[0mLoad.apply: mkStreams took 0.002005ms[0m
[0m[[0m[0minfo[0m] [0m[0mset current project to stock-trading-simulation (in build file:/Users/klimnikishinofficialgmail.com/scala-workspace/StocksTradingApp/)[0m
[0m[[0m[0mdebug[0m] [0m[0m> Exec(sbtPopOnFailure, None, None)[0m
[0m[[0m[0mdebug[0m] [0m[0m> Exec(resumeFromFailure, None, None)[0m
[0m[[0m[0mdebug[0m] [0m[0m> Exec(set _root_.org.jetbrains.sbt.StructureKeys.sbtStructureOptions in Global := "download, resolveSourceClassifiers, resolveSbtClassifiers", None, None)[0m
[0m[[0m[0minfo[0m] [0m[0mDefining Global / sbtStructureOptions[0m
[0m[[0m[0minfo[0m] [0m[0mThe new value will be used by Global / ssOptions[0m
[0m[[0m[0mdebug[0m] [0m[0mDefining [0m
[0m[[0m[0mdebug[0m] [0m[0m	Global / sbtStructureOptions[0m
[0m[[0m[0mdebug[0m] [0m[0m[0m
[0m[[0m[0mdebug[0m] [0m[0mThe new value will be used by [0m
[0m[[0m[0mdebug[0m] [0m[0m	Global / ssOptions[0m
[0m[[0m[0minfo[0m] [0m[0mReapplying settings...[0m
[0m[[0m[0minfo[0m] [0m[0mset current project to stock-trading-simulation (in build file:/Users/klimnikishinofficialgmail.com/scala-workspace/StocksTradingApp/)[0m
[0m[[0m[0mdebug[0m] [0m[0m> Exec(preferScala2, None, None)[0m
[0m[[0m[0mdebug[0m] [0m[0m> Exec(*/*:dumpStructureTo /private/var/folders/3x/6f0t20ld19n4zsll28gwtny80000gp/T/sbt-structure.xml, None, None)[0m
[0m[[0m[0mdebug[0m] [0m[0mEvaluating tasks: Global / dumpStructureTo[0m
[0m[[0m[33mwarn[0m] [0m[0msbt 0.13 shell syntax is deprecated; use slash syntax instead: Global / dumpStructureTo[0m
[0m[[0m[0mdebug[0m] [0m[0mRunning task... Cancel: Signal, check cycles: false, forcegc: true[0m
[0m[[0m[0minfo[0m] [0m[0mdownloading https://repo1.maven.org/maven2/org/jline/jline-terminal/3.27.0/jline-terminal-3.27.0-sources.jar[0m
[0m[[0m[0minfo[0m] [0m[0mdownloading https://repo1.maven.org/maven2/com/eed3si9n/gigahorse-core_2.12/0.7.0/gigahorse-core_2.12-0.7.0-sources.jar[0m
[0m[[0m[0minfo[0m] [0m[0mdownloading https://repo1.maven.org/maven2/org/scala-lang/modules/scala-xml_2.12/2.3.0/scala-xml_2.12-2.3.0-sources.jar[0m
[0m[[0m[0minfo[0m] [0m[0mdownloading https://repo1.maven.org/maven2/org/scala-sbt/task-system_2.12/1.10.3/task-system_2.12-1.10.3-sources.jar[0m
[0m[[0m[0minfo[0m] [0m[0mdownloading https://repo1.maven.org/maven2/org/scala-sbt/util-tracking_2.12/1.10.3/util-tracking_2.12-1.10.3-sources.jar[0m
[0m[[0m[0minfo[0m] [0m[0mdownloading https://repo1.maven.org/maven2/org/scala-sbt/actions_2.12/1.10.3/actions_2.12-1.10.3-sources.jar[0m
[0m[[0m[0minfo[0m] [0m[0mdownloaded https://repo1.maven.org/maven2/org/scala-sbt/util-tracking_2.12/1.10.3/util-tracking_2.12-1.10.3-sources.jar[0m
[0m[[0m[0minfo[0m] [0m[0mdownloading https://repo1.maven.org/maven2/org/apache/logging/log4j/log4j-core/2.17.1/log4j-core-2.17.1-sources.jar[0m
[0m[[0m[0minfo[0m] [0m[0mdownloaded https://repo1.maven.org/maven2/org/scala-sbt/task-system_2.12/1.10.3/task-system_2.12-1.10.3-sources.jar[0m
[0m[[0m[0minfo[0m] [0m[0mdownloading https://repo1.maven.org/maven2/org/scala-lang/scala-library/2.12.20/scala-library-2.12.20-sources.jar[0m
[0m[[0m[0minfo[0m] [0m[0mdownloaded https://repo1.maven.org/maven2/org/scala-sbt/actions_2.12/1.10.3/actions_2.12-1.10.3-sources.jar[0m
[0m[[0m[0minfo[0m] [0m[0mdownloading https://repo1.maven.org/maven2/org/scala-sbt/io_2.12/1.10.1/io_2.12-1.10.1-sources.jar[0m
[0m[[0m[0minfo[0m] [0m[0mdownloaded https://repo1.maven.org/maven2/com/eed3si9n/gigahorse-core_2.12/0.7.0/gigahorse-core_2.12-0.7.0-sources.jar[0m
[0m[[0m[0minfo[0m] [0m[0mdownloading https://repo1.maven.org/maven2/org/scala-sbt/completion_2.12/1.10.3/completion_2.12-1.10.3-sources.jar[0m
[0m[[0m[0minfo[0m] [0m[0mdownloaded https://repo1.maven.org/maven2/org/scala-lang/modules/scala-xml_2.12/2.3.0/scala-xml_2.12-2.3.0-sources.jar[0m
[0m[[0m[0minfo[0m] [0m[0mdownloading https://repo1.maven.org/maven2/org/scala-sbt/core-macros_2.12/1.10.3/core-macros_2.12-1.10.3-sources.jar[0m
[0m[[0m[0minfo[0m] [0m[0mdownloaded https://repo1.maven.org/maven2/org/jline/jline-terminal/3.27.0/jline-terminal-3.27.0-sources.jar[0m
[0m[[0m[0minfo[0m] [0m[0mdownloading https://repo1.maven.org/maven2/org/scala-sbt/zinc-persist_2.12/1.10.3/zinc-persist_2.12-1.10.3-sources.jar[0m
[0m[[0m[0minfo[0m] [0m[0mdownloaded https://repo1.maven.org/maven2/org/scala-sbt/io_2.12/1.10.1/io_2.12-1.10.1-sources.jar[0m
[0m[[0m[0minfo[0m] [0m[0mdownloading https://repo1.maven.org/maven2/com/swoval/file-tree-views/2.1.12/file-tree-views-2.1.12-sources.jar[0m
[0m[[0m[0minfo[0m] [0m[0mdownloaded https://repo1.maven.org/maven2/org/scala-sbt/core-macros_2.12/1.10.3/core-macros_2.12-1.10.3-sources.jar[0m
[0m[[0m[0minfo[0m] [0m[0mdownloading https://repo1.maven.org/maven2/org/reactivestreams/reactive-streams/1.0.3/reactive-streams-1.0.3-sources.jar[0m
[0m[[0m[0minfo[0m] [0m[0mdownloaded https://repo1.maven.org/maven2/org/scala-sbt/completion_2.12/1.10.3/completion_2.12-1.10.3-sources.jar[0m
[0m[[0m[0minfo[0m] [0m[0mdownloading https://repo1.maven.org/maven2/org/scala-sbt/launcher-interface/1.4.4/launcher-interface-1.4.4-sources.jar[0m
[0m[[0m[0minfo[0m] [0m[0mdownloaded https://repo1.maven.org/maven2/com/swoval/file-tree-views/2.1.12/file-tree-views-2.1.12-sources.jar[0m
[0m[[0m[0minfo[0m] [0m[0mdownloading https://repo1.maven.org/maven2/io/get-coursier/lm-coursier-shaded_2.12/2.1.4/lm-coursier-shaded_2.12-2.1.4-sources.jar[0m
[0m[[0m[0minfo[0m] [0m[0mdownloaded https://repo1.maven.org/maven2/org/scala-sbt/launcher-interface/1.4.4/launcher-interface-1.4.4-sources.jar[0m
[0m[[0m[0minfo[0m] [0m[0mdownloading https://repo1.maven.org/maven2/com/github/mwiede/jsch/0.2.17/jsch-0.2.17-sources.jar[0m
[0m[[0m[0minfo[0m] [0m[0mdownloaded https://repo1.maven.org/maven2/org/reactivestreams/reactive-streams/1.0.3/reactive-streams-1.0.3-sources.jar[0m
[0m[[0m[0minfo[0m] [0m[0mdownloading https://repo1.maven.org/maven2/com/github/ben-manes/caffeine/caffeine/2.8.5/caffeine-2.8.5-sources.jar[0m
[0m[[0m[0minfo[0m] [0m[0mdownloaded https://repo1.maven.org/maven2/io/get-coursier/lm-coursier-shaded_2.12/2.1.4/lm-coursier-shaded_2.12-2.1.4-sources.jar[0m
[0m[[0m[0minfo[0m] [0m[0mdownloading https://repo1.maven.org/maven2/org/jline/jline-reader/3.27.0/jline-reader-3.27.0-sources.jar[0m
[0m[[0m[0minfo[0m] [0m[0mdownloaded https://repo1.maven.org/maven2/org/scala-sbt/zinc-persist_2.12/1.10.3/zinc-persist_2.12-1.10.3-sources.jar[0m
[0m[[0m[0minfo[0m] [0m[0mdownloading https://repo1.maven.org/maven2/org/scala-sbt/compiler-bridge_2.12/1.10.3/compiler-bridge_2.12-1.10.3-sources.jar[0m
[0m[[0m[0minfo[0m] [0m[0mdownloaded https://repo1.maven.org/maven2/org/jline/jline-reader/3.27.0/jline-reader-3.27.0-sources.jar[0m
[0m[[0m[0minfo[0m] [0m[0mdownloading https://repo1.maven.org/maven2/org/scala-sbt/zinc-compile_2.12/1.10.3/zinc-compile_2.12-1.10.3-sources.jar[0m
[0m[[0m[0minfo[0m] [0m[0mdownloaded https://repo1.maven.org/maven2/org/scala-sbt/compiler-bridge_2.12/1.10.3/compiler-bridge_2.12-1.10.3-sources.jar[0m
[0m[[0m[0minfo[0m] [0m[0mdownloading https://repo1.maven.org/maven2/org/scala-sbt/zinc-apiinfo_2.12/1.10.3/zinc-apiinfo_2.12-1.10.3-sources.jar[0m
[0m[[0m[0minfo[0m] [0m[0mdownloaded https://repo1.maven.org/maven2/org/scala-sbt/zinc-compile_2.12/1.10.3/zinc-compile_2.12-1.10.3-sources.jar[0m
[0m[[0m[0minfo[0m] [0m[0mdownloading https://repo1.maven.org/maven2/org/scala-sbt/zinc-lm-integration_2.12/1.10.3/zinc-lm-integration_2.12-1.10.3-sources.jar[0m
[0m[[0m[0minfo[0m] [0m[0mdownloaded https://repo1.maven.org/maven2/org/scala-sbt/zinc-apiinfo_2.12/1.10.3/zinc-apiinfo_2.12-1.10.3-sources.jar[0m
[0m[[0m[0minfo[0m] [0m[0mdownloading https://repo1.maven.org/maven2/org/scala-sbt/zinc-classfile_2.12/1.10.3/zinc-classfile_2.12-1.10.3-sources.jar[0m
[0m[[0m[0minfo[0m] [0m[0mdownloaded https://repo1.maven.org/maven2/org/scala-lang/scala-library/2.12.20/scala-library-2.12.20-sources.jar[0m
[0m[[0m[0minfo[0m] [0m[0mdownloading https://repo1.maven.org/maven2/org/scala-sbt/command_2.12/1.10.3/command_2.12-1.10.3-sources.jar[0m
[0m[[0m[0minfo[0m] [0m[0mdownloaded https://repo1.maven.org/maven2/org/apache/logging/log4j/log4j-core/2.17.1/log4j-core-2.17.1-sources.jar[0m
[0m[[0m[0minfo[0m] [0m[0mdownloading https://repo1.maven.org/maven2/org/scala-sbt/jline/jline/2.14.7-sbt-9c3b6aca11c57e339441442bbf58e550cdfecb79/jline-2.14.7-sbt-9c3b6aca11c57e339441442bbf58e550cdfecb79-sources.jar[0m
[0m[[0m[0minfo[0m] [0m[0mdownloaded https://repo1.maven.org/maven2/org/scala-sbt/zinc-classfile_2.12/1.10.3/zinc-classfile_2.12-1.10.3-sources.jar[0m
[0m[[0m[0minfo[0m] [0m[0mdownloading https://repo1.maven.org/maven2/com/eed3si9n/sjson-new-murmurhash_2.12/0.10.1/sjson-new-murmurhash_2.12-0.10.1-sources.jar[0m
[0m[[0m[0minfo[0m] [0m[0mdownloaded https://repo1.maven.org/maven2/com/github/ben-manes/caffeine/caffeine/2.8.5/caffeine-2.8.5-sources.jar[0m
[0m[[0m[0minfo[0m] [0m[0mdownloaded https://repo1.maven.org/maven2/org/scala-sbt/zinc-lm-integration_2.12/1.10.3/zinc-lm-integration_2.12-1.10.3-sources.jar[0m
[0m[[0m[0minfo[0m] [0m[0mdownloading https://repo1.maven.org/maven2/com/typesafe/ssl-config-core_2.12/0.6.1/ssl-config-core_2.12-0.6.1-sources.jar[0m
[0m[[0m[0minfo[0m] [0m[0mdownloading https://repo1.maven.org/maven2/org/scala-lang/modules/scala-collection-compat_2.12/2.11.0/scala-collection-compat_2.12-2.11.0-sources.jar[0m
[0m[[0m[0minfo[0m] [0m[0mdownloaded https://repo1.maven.org/maven2/org/scala-sbt/command_2.12/1.10.3/command_2.12-1.10.3-sources.jar[0m
[0m[[0m[0minfo[0m] [0m[0mdownloading https://repo1.maven.org/maven2/org/jline/jline-terminal-jna/3.27.0/jline-terminal-jna-3.27.0-sources.jar[0m
[0m[[0m[0minfo[0m] [0m[0mdownloaded https://repo1.maven.org/maven2/com/github/mwiede/jsch/0.2.17/jsch-0.2.17-sources.jar[0m
[0m[[0m[0minfo[0m] [0m[0mdownloading https://repo1.maven.org/maven2/org/fusesource/jansi/jansi/2.4.1/jansi-2.4.1-sources.jar[0m
[0m[[0m[0minfo[0m] [0m[0mdownloaded https://repo1.maven.org/maven2/org/scala-sbt/jline/jline/2.14.7-sbt-9c3b6aca11c57e339441442bbf58e550cdfecb79/jline-2.14.7-sbt-9c3b6aca11c57e339441442bbf58e550cdfecb79-sources.jar[0m
[0m[[0m[0minfo[0m] [0m[0mdownloading https://repo1.maven.org/maven2/org/apache/logging/log4j/log4j-slf4j-impl/2.17.1/log4j-slf4j-impl-2.17.1-sources.jar[0m
[0m[[0m[0minfo[0m] [0m[0mdownloaded https://repo1.maven.org/maven2/com/eed3si9n/sjson-new-murmurhash_2.12/0.10.1/sjson-new-murmurhash_2.12-0.10.1-sources.jar[0m
[0m[[0m[0minfo[0m] [0m[0mdownloading https://repo1.maven.org/maven2/org/scala-sbt/util-cache_2.12/1.10.3/util-cache_2.12-1.10.3-sources.jar[0m
[0m[[0m[0minfo[0m] [0m[0mdownloaded https://repo1.maven.org/maven2/com/typesafe/ssl-config-core_2.12/0.6.1/ssl-config-core_2.12-0.6.1-sources.jar[0m
[0m[[0m[0minfo[0m] [0m[0mdownloading https://repo1.maven.org/maven2/org/scala-sbt/test-agent/1.10.3/test-agent-1.10.3-sources.jar[0m
[0m[[0m[0minfo[0m] [0m[0mdownloaded https://repo1.maven.org/maven2/org/scala-lang/modules/scala-collection-compat_2.12/2.11.0/scala-collection-compat_2.12-2.11.0-sources.jar[0m
[0m[[0m[0minfo[0m] [0m[0mdownloading https://repo1.maven.org/maven2/org/scala-sbt/collections_2.12/1.10.3/collections_2.12-1.10.3-sources.jar[0m
[0m[[0m[0minfo[0m] [0m[0mdownloaded https://repo1.maven.org/maven2/org/jline/jline-terminal-jna/3.27.0/jline-terminal-jna-3.27.0-sources.jar[0m
[0m[[0m[0minfo[0m] [0m[0mdownloading https://repo1.maven.org/maven2/net/java/dev/jna/jna-platform/5.12.0/jna-platform-5.12.0-sources.jar[0m
[0m[[0m[0minfo[0m] [0m[0mdownloaded https://repo1.maven.org/maven2/org/apache/logging/log4j/log4j-slf4j-impl/2.17.1/log4j-slf4j-impl-2.17.1-sources.jar[0m
[0m[[0m[0minfo[0m] [0m[0mdownloading https://repo1.maven.org/maven2/net/openhft/zero-allocation-hashing/0.16/zero-allocation-hashing-0.16-sources.jar[0m
[0m[[0m[0minfo[0m] [0m[0mdownloaded https://repo1.maven.org/maven2/org/fusesource/jansi/jansi/2.4.1/jansi-2.4.1-sources.jar[0m
[0m[[0m[0minfo[0m] [0m[0mdownloading https://repo1.maven.org/maven2/org/scala-sbt/testing_2.12/1.10.3/testing_2.12-1.10.3-sources.jar[0m
[0m[[0m[0minfo[0m] [0m[0mdownloaded https://repo1.maven.org/maven2/org/scala-sbt/util-cache_2.12/1.10.3/util-cache_2.12-1.10.3-sources.jar[0m
[0m[[0m[0minfo[0m] [0m[0mdownloading https://repo1.maven.org/maven2/org/scala-sbt/librarymanagement-core_2.12/1.10.2/librarymanagement-core_2.12-1.10.2-sources.jar[0m
[0m[[0m[0minfo[0m] [0m[0mdownloaded https://repo1.maven.org/maven2/org/scala-sbt/test-agent/1.10.3/test-agent-1.10.3-sources.jar[0m
[0m[[0m[0minfo[0m] [0m[0mdownloading https://repo1.maven.org/maven2/com/eed3si9n/shaded-apache-httpasyncclient/0.7.0/shaded-apache-httpasyncclient-0.7.0-sources.jar[0m
[0m[[0m[0minfo[0m] [0m[0mdownloaded https://repo1.maven.org/maven2/org/scala-sbt/collections_2.12/1.10.3/collections_2.12-1.10.3-sources.jar[0m
[0m[[0m[0minfo[0m] [0m[0mdownloading https://repo1.maven.org/maven2/org/scala-sbt/template-resolver/0.1/template-resolver-0.1-sources.jar[0m
[0m[[0m[0minfo[0m] [0m[0mdownloaded https://repo1.maven.org/maven2/net/openhft/zero-allocation-hashing/0.16/zero-allocation-hashing-0.16-sources.jar[0m
[0m[[0m[0minfo[0m] [0m[0mdownloading https://repo1.maven.org/maven2/org/scala-sbt/zinc_2.12/1.10.3/zinc_2.12-1.10.3-sources.jar[0m
[0m[[0m[0minfo[0m] [0m[0mdownloaded https://repo1.maven.org/maven2/net/java/dev/jna/jna-platform/5.12.0/jna-platform-5.12.0-sources.jar[0m
[0m[[0m[0minfo[0m] [0m[0mdownloading https://repo1.maven.org/maven2/org/scala-sbt/librarymanagement-ivy_2.12/1.10.2/librarymanagement-ivy_2.12-1.10.2-sources.jar[0m
[0m[[0m[0minfo[0m] [0m[0mdownloaded https://repo1.maven.org/maven2/org/scala-sbt/testing_2.12/1.10.3/testing_2.12-1.10.3-sources.jar[0m
[0m[[0m[0minfo[0m] [0m[0mdownloading https://repo1.maven.org/maven2/org/scala-sbt/util-relation_2.12/1.10.3/util-relation_2.12-1.10.3-sources.jar[0m
[0m[[0m[0minfo[0m] [0m[0mdownloaded https://repo1.maven.org/maven2/com/eed3si9n/shaded-apache-httpasyncclient/0.7.0/shaded-apache-httpasyncclient-0.7.0-sources.jar[0m
[0m[[0m[0minfo[0m] [0m[0mdownloading https://repo1.maven.org/maven2/org/jline/jline-builtins/3.27.0/jline-builtins-3.27.0-sources.jar[0m
[0m[[0m[0minfo[0m] [0m[0mdownloaded https://repo1.maven.org/maven2/org/scala-sbt/template-resolver/0.1/template-resolver-0.1-sources.jar[0m
[0m[[0m[0minfo[0m] [0m[0mdownloading https://repo1.maven.org/maven2/org/scala-sbt/ipcsocket/ipcsocket/1.6.3/ipcsocket-1.6.3-sources.jar[0m
[0m[[0m[0minfo[0m] [0m[0mdownloaded https://repo1.maven.org/maven2/org/scala-sbt/zinc_2.12/1.10.3/zinc_2.12-1.10.3-sources.jar[0m
[0m[[0m[0minfo[0m] [0m[0mdownloading https://repo1.maven.org/maven2/com/eed3si9n/shaded-jawn-parser_2.12/1.3.2/shaded-jawn-parser_2.12-1.3.2-sources.jar[0m
[0m[[0m[0minfo[0m] [0m[0mdownloaded https://repo1.maven.org/maven2/org/scala-sbt/librarymanagement-core_2.12/1.10.2/librarymanagement-core_2.12-1.10.2-sources.jar[0m
[0m[[0m[0minfo[0m] [0m[0mdownloading https://repo1.maven.org/maven2/net/java/dev/jna/jna/5.15.0/jna-5.15.0-sources.jar[0m
[0m[[0m[0minfo[0m] [0m[0mdownloaded https://repo1.maven.org/maven2/org/scala-sbt/util-relation_2.12/1.10.3/util-relation_2.12-1.10.3-sources.jar[0m
[0m[[0m[0minfo[0m] [0m[0mdownloading https://repo1.maven.org/maven2/org/scala-sbt/zinc-classpath_2.12/1.10.3/zinc-classpath_2.12-1.10.3-sources.jar[0m
[0m[[0m[0minfo[0m] [0m[0mdownloaded https://repo1.maven.org/maven2/org/scala-sbt/librarymanagement-ivy_2.12/1.10.2/librarymanagement-ivy_2.12-1.10.2-sources.jar[0m
[0m[[0m[0minfo[0m] [0m[0mdownloading https://repo1.maven.org/maven2/com/eed3si9n/sjson-new-scalajson_2.12/0.10.1/sjson-new-scalajson_2.12-0.10.1-sources.jar[0m
[0m[[0m[0minfo[0m] [0m[0mdownloaded https://repo1.maven.org/maven2/org/jline/jline-builtins/3.27.0/jline-builtins-3.27.0-sources.jar[0m
[0m[[0m[0minfo[0m] [0m[0mdownloading https://repo1.maven.org/maven2/org/scala-sbt/sbt/1.10.3/sbt-1.10.3-sources.jar[0m
[0m[[0m[0minfo[0m] [0m[0mdownloaded https://repo1.maven.org/maven2/com/eed3si9n/shaded-jawn-parser_2.12/1.3.2/shaded-jawn-parser_2.12-1.3.2-sources.jar[0m
[0m[[0m[0minfo[0m] [0m[0mdownloading https://repo1.maven.org/maven2/org/scala-sbt/main_2.12/1.10.3/main_2.12-1.10.3-sources.jar[0m
[0m[[0m[0minfo[0m] [0m[0mdownloaded https://repo1.maven.org/maven2/org/scala-sbt/ipcsocket/ipcsocket/1.6.3/ipcsocket-1.6.3-sources.jar[0m
[0m[[0m[0minfo[0m] [0m[0mdownloading https://repo1.maven.org/maven2/com/eed3si9n/shaded-scalajson_2.12/1.0.0-M4/shaded-scalajson_2.12-1.0.0-M4-sources.jar[0m
[0m[[0m[0minfo[0m] [0m[0mdownloaded https://repo1.maven.org/maven2/org/scala-sbt/zinc-classpath_2.12/1.10.3/zinc-classpath_2.12-1.10.3-sources.jar[0m
[0m[[0m[0minfo[0m] [0m[0mdownloading https://repo1.maven.org/maven2/org/jline/jline-native/3.27.0/jline-native-3.27.0-sources.jar[0m
[0m[[0m[0minfo[0m] [0m[0mdownloaded https://repo1.maven.org/maven2/com/eed3si9n/sjson-new-scalajson_2.12/0.10.1/sjson-new-scalajson_2.12-0.10.1-sources.jar[0m
[0m[[0m[0minfo[0m] [0m[0mdownloading https://repo1.maven.org/maven2/org/scala-sbt/sbinary_2.12/0.5.1/sbinary_2.12-0.5.1-sources.jar[0m
[0m[[0m[0minfo[0m] [0m[0mdownloaded https://repo1.maven.org/maven2/net/java/dev/jna/jna/5.15.0/jna-5.15.0-sources.jar[0m
[0m[[0m[0minfo[0m] [0m[0mdownloading https://repo1.maven.org/maven2/com/eed3si9n/sjson-new-core_2.12/0.10.1/sjson-new-core_2.12-0.10.1-sources.jar[0m
[0m[[0m[0minfo[0m] [0m[0mdownloaded https://repo1.maven.org/maven2/org/scala-sbt/sbt/1.10.3/sbt-1.10.3-sources.jar[0m
[0m[[0m[0minfo[0m] [0m[0mdownloading https://repo1.maven.org/maven2/org/scala-sbt/util-logging_2.12/1.10.3/util-logging_2.12-1.10.3-sources.jar[0m
[0m[[0m[0minfo[0m] [0m[0mdownloaded https://repo1.maven.org/maven2/com/eed3si9n/shaded-scalajson_2.12/1.0.0-M4/shaded-scalajson_2.12-1.0.0-M4-sources.jar[0m
[0m[[0m[0minfo[0m] [0m[0mdownloading https://repo1.maven.org/maven2/org/apache/logging/log4j/log4j-api/2.17.1/log4j-api-2.17.1-sources.jar[0m
[0m[[0m[0minfo[0m] [0m[0mdownloaded https://repo1.maven.org/maven2/org/scala-sbt/main_2.12/1.10.3/main_2.12-1.10.3-sources.jar[0m
[0m[[0m[0minfo[0m] [0m[0mdownloading https://repo1.maven.org/maven2/org/scala-sbt/run_2.12/1.10.3/run_2.12-1.10.3-sources.jar[0m
[0m[[0m[0minfo[0m] [0m[0mdownloaded https://repo1.maven.org/maven2/org/jline/jline-native/3.27.0/jline-native-3.27.0-sources.jar[0m
[0m[[0m[0minfo[0m] [0m[0mdownloading https://repo1.maven.org/maven2/org/scala-sbt/zinc-persist-core-assembly/1.10.3/zinc-persist-core-assembly-1.10.3-sources.jar[0m
[0m[[0m[0minfo[0m] [0m[0mdownloaded https://repo1.maven.org/maven2/org/scala-sbt/sbinary_2.12/0.5.1/sbinary_2.12-0.5.1-sources.jar[0m
[0m[[0m[0minfo[0m] [0m[0mdownloading https://repo1.maven.org/maven2/org/checkerframework/checker-qual/3.4.1/checker-qual-3.4.1-sources.jar[0m
[0m[[0m[0minfo[0m] [0m[0mdownloaded https://repo1.maven.org/maven2/com/eed3si9n/sjson-new-core_2.12/0.10.1/sjson-new-core_2.12-0.10.1-sources.jar[0m
[0m[[0m[0minfo[0m] [0m[0mdownloading https://repo1.maven.org/maven2/org/scala-lang/modules/scala-parser-combinators_2.12/1.1.2/scala-parser-combinators_2.12-1.1.2-sources.jar[0m
[0m[[0m[0minfo[0m] [0m[0mdownloaded https://repo1.maven.org/maven2/org/scala-sbt/util-logging_2.12/1.10.3/util-logging_2.12-1.10.3-sources.jar[0m
[0m[[0m[0minfo[0m] [0m[0mdownloading https://repo1.maven.org/maven2/com/lmax/disruptor/3.4.2/disruptor-3.4.2-sources.jar[0m
[0m[[0m[0minfo[0m] [0m[0mdownloaded https://repo1.maven.org/maven2/org/scala-sbt/run_2.12/1.10.3/run_2.12-1.10.3-sources.jar[0m
[0m[[0m[0minfo[0m] [0m[0mdownloading https://repo1.maven.org/maven2/org/scala-lang/scala-compiler/2.12.20/scala-compiler-2.12.20-sources.jar[0m
[0m[[0m[0minfo[0m] [0m[0mdownloaded https://repo1.maven.org/maven2/org/apache/logging/log4j/log4j-api/2.17.1/log4j-api-2.17.1-sources.jar[0m
[0m[[0m[0minfo[0m] [0m[0mdownloading https://repo1.maven.org/maven2/org/scala-sbt/compiler-interface/1.10.3/compiler-interface-1.10.3-sources.jar[0m
[0m[[0m[0minfo[0m] [0m[0mdownloaded https://repo1.maven.org/maven2/org/scala-sbt/zinc-persist-core-assembly/1.10.3/zinc-persist-core-assembly-1.10.3-sources.jar[0m
[0m[[0m[0minfo[0m] [0m[0mdownloading https://repo1.maven.org/maven2/com/typesafe/config/1.4.2/config-1.4.2-sources.jar[0m
[0m[[0m[0minfo[0m] [0m[0mdownloaded https://repo1.maven.org/maven2/org/checkerframework/checker-qual/3.4.1/checker-qual-3.4.1-sources.jar[0m
[0m[[0m[0minfo[0m] [0m[0mdownloading https://repo1.maven.org/maven2/org/scala-sbt/logic_2.12/1.10.3/logic_2.12-1.10.3-sources.jar[0m
[0m[[0m[0minfo[0m] [0m[0mdownloaded https://repo1.maven.org/maven2/org/scala-lang/modules/scala-parser-combinators_2.12/1.1.2/scala-parser-combinators_2.12-1.1.2-sources.jar[0m
[0m[[0m[0minfo[0m] [0m[0mdownloading https://repo1.maven.org/maven2/org/scala-sbt/zinc-core_2.12/1.10.3/zinc-core_2.12-1.10.3-sources.jar[0m
[0m[[0m[0minfo[0m] [0m[0mdownloaded https://repo1.maven.org/maven2/com/lmax/disruptor/3.4.2/disruptor-3.4.2-sources.jar[0m
[0m[[0m[0minfo[0m] [0m[0mdownloading https://repo1.maven.org/maven2/org/scala-sbt/protocol_2.12/1.10.3/protocol_2.12-1.10.3-sources.jar[0m
[0m[[0m[0minfo[0m] [0m[0mdownloaded https://repo1.maven.org/maven2/org/scala-sbt/compiler-interface/1.10.3/compiler-interface-1.10.3-sources.jar[0m
[0m[[0m[0minfo[0m] [0m[0mdownloading https://repo1.maven.org/maven2/org/scala-sbt/util-position_2.12/1.10.3/util-position_2.12-1.10.3-sources.jar[0m
[0m[[0m[0minfo[0m] [0m[0mdownloaded https://repo1.maven.org/maven2/org/scala-sbt/logic_2.12/1.10.3/logic_2.12-1.10.3-sources.jar[0m
[0m[[0m[0minfo[0m] [0m[0mdownloading https://repo1.maven.org/maven2/org/scala-lang/scala-reflect/2.12.20/scala-reflect-2.12.20-sources.jar[0m
[0m[[0m[0minfo[0m] [0m[0mdownloaded https://repo1.maven.org/maven2/org/scala-sbt/zinc-core_2.12/1.10.3/zinc-core_2.12-1.10.3-sources.jar[0m
[0m[[0m[0minfo[0m] [0m[0mdownloading https://repo1.maven.org/maven2/org/scala-sbt/tasks_2.12/1.10.3/tasks_2.12-1.10.3-sources.jar[0m
[0m[[0m[0minfo[0m] [0m[0mdownloaded https://repo1.maven.org/maven2/com/typesafe/config/1.4.2/config-1.4.2-sources.jar[0m
[0m[[0m[0minfo[0m] [0m[0mdownloading https://repo1.maven.org/maven2/org/scala-sbt/scripted-plugin_2.12/1.10.3/scripted-plugin_2.12-1.10.3-sources.jar[0m
[0m[[0m[0minfo[0m] [0m[0mdownloaded https://repo1.maven.org/maven2/org/scala-sbt/protocol_2.12/1.10.3/protocol_2.12-1.10.3-sources.jar[0m
[0m[[0m[0minfo[0m] [0m[0mdownloading https://repo1.maven.org/maven2/org/jline/jline-style/3.27.0/jline-style-3.27.0-sources.jar[0m
[0m[[0m[0minfo[0m] [0m[0mdownloaded https://repo1.maven.org/maven2/org/scala-sbt/util-position_2.12/1.10.3/util-position_2.12-1.10.3-sources.jar[0m
[0m[[0m[0minfo[0m] [0m[0mdownloading https://repo1.maven.org/maven2/org/scala-sbt/util-control_2.12/1.10.3/util-control_2.12-1.10.3-sources.jar[0m
[0m[[0m[0minfo[0m] [0m[0mdownloaded https://repo1.maven.org/maven2/org/scala-sbt/tasks_2.12/1.10.3/tasks_2.12-1.10.3-sources.jar[0m
[0m[[0m[0minfo[0m] [0m[0mdownloading https://repo1.maven.org/maven2/org/scala-sbt/main-settings_2.12/1.10.3/main-settings_2.12-1.10.3-sources.jar[0m
[0m[[0m[0minfo[0m] [0m[0mdownloaded https://repo1.maven.org/maven2/org/scala-sbt/scripted-plugin_2.12/1.10.3/scripted-plugin_2.12-1.10.3-sources.jar[0m
[0m[[0m[0minfo[0m] [0m[0mdownloading https://repo1.maven.org/maven2/org/jline/jline-terminal-jansi/3.27.0/jline-terminal-jansi-3.27.0-sources.jar[0m
[0m[[0m[0minfo[0m] [0m[0mdownloaded https://repo1.maven.org/maven2/org/jline/jline-style/3.27.0/jline-style-3.27.0-sources.jar[0m
[0m[[0m[0minfo[0m] [0m[0mdownloading https://repo1.maven.org/maven2/org/scala-sbt/util-interface/1.10.3/util-interface-1.10.3-sources.jar[0m
[0m[[0m[0minfo[0m] [0m[0mdownloaded https://repo1.maven.org/maven2/org/scala-sbt/util-control_2.12/1.10.3/util-control_2.12-1.10.3-sources.jar[0m
[0m[[0m[0minfo[0m] [0m[0mdownloading https://repo1.maven.org/maven2/org/scala-sbt/ivy/ivy/2.3.0-sbt-396a783bba347016e7fe30dacc60d355be607fe2/ivy-2.3.0-sbt-396a783bba347016e7fe30dacc60d355be607fe2-sources.jar[0m
[0m[[0m[0minfo[0m] [0m[0mdownloaded https://repo1.maven.org/maven2/org/jline/jline-terminal-jansi/3.27.0/jline-terminal-jansi-3.27.0-sources.jar[0m
[0m[[0m[0minfo[0m] [0m[0mdownloading https://repo1.maven.org/maven2/com/eed3si9n/gigahorse-apache-http_2.12/0.7.0/gigahorse-apache-http_2.12-0.7.0-sources.jar[0m
[0m[[0m[0minfo[0m] [0m[0mdownloaded https://repo1.maven.org/maven2/org/scala-sbt/main-settings_2.12/1.10.3/main-settings_2.12-1.10.3-sources.jar[0m
[0m[[0m[0minfo[0m] [0m[0mdownloading https://repo1.maven.org/maven2/org/scala-sbt/zinc-compile-core_2.12/1.10.3/zinc-compile-core_2.12-1.10.3-sources.jar[0m
[0m[[0m[0minfo[0m] [0m[0mdownloaded https://repo1.maven.org/maven2/org/scala-sbt/util-interface/1.10.3/util-interface-1.10.3-sources.jar[0m
[0m[[0m[0minfo[0m] [0m[0mdownloading https://repo1.maven.org/maven2/org/scala-sbt/test-interface/1.0/test-interface-1.0-sources.jar[0m
[0m[[0m[0minfo[0m] [0m[0mdownloaded https://repo1.maven.org/maven2/com/eed3si9n/gigahorse-apache-http_2.12/0.7.0/gigahorse-apache-http_2.12-0.7.0-sources.jar[0m
[0m[[0m[0minfo[0m] [0m[0mdownloading https://repo1.maven.org/maven2/com/google/errorprone/error_prone_annotations/2.4.0/error_prone_annotations-2.4.0-sources.jar[0m
[0m[[0m[0minfo[0m] [0m[0mdownloaded https://repo1.maven.org/maven2/org/scala-sbt/test-interface/1.0/test-interface-1.0-sources.jar[0m
[0m[[0m[0minfo[0m] [0m[0mdownloaded https://repo1.maven.org/maven2/org/scala-sbt/zinc-compile-core_2.12/1.10.3/zinc-compile-core_2.12-1.10.3-sources.jar[0m
[0m[[0m[0minfo[0m] [0m[0mdownloaded https://repo1.maven.org/maven2/org/scala-lang/scala-reflect/2.12.20/scala-reflect-2.12.20-sources.jar[0m
[0m[[0m[0minfo[0m] [0m[0mdownloaded https://repo1.maven.org/maven2/com/google/errorprone/error_prone_annotations/2.4.0/error_prone_annotations-2.4.0-sources.jar[0m
[0m[[0m[0minfo[0m] [0m[0mdownloaded https://repo1.maven.org/maven2/org/scala-sbt/ivy/ivy/2.3.0-sbt-396a783bba347016e7fe30dacc60d355be607fe2/ivy-2.3.0-sbt-396a783bba347016e7fe30dacc60d355be607fe2-sources.jar[0m
[0m[[0m[0minfo[0m] [0m[0mdownloaded https://repo1.maven.org/maven2/org/scala-lang/scala-compiler/2.12.20/scala-compiler-2.12.20-sources.jar[0m
[0m[[0m[31merror[0m] [0m[0mjava.lang.RuntimeException: expected `stock-trading-simulation/scalaVersion` to be "2.13.10" or later,[0m
[0m[[0m[31merror[0m] [0m[0mbut found "2.13.8"; upgrade scalaVersion to fix the build.[0m
[0m[[0m[31merror[0m] [0m[0m[0m
[0m[[0m[31merror[0m] [0m[0mto support backwards-only binary compatibility (SIP-51),[0m
[0m[[0m[31merror[0m] [0m[0mthe Scala 2.13 compiler cannot be older than scala-library on the[0m
[0m[[0m[31merror[0m] [0m[0mdependency classpath.[0m
[0m[[0m[31merror[0m] [0m[0msee `stock-trading-simulation/evicted` to know why scala-library 2.13.10 is getting pulled in.[0m
[0m[[0m[31merror[0m] [0m[0m[0m
[0m[[0m[31merror[0m] [0m[0m	at scala.sys.package$.error(package.scala:30)[0m
[0m[[0m[31merror[0m] [0m[0m	at sbt.Defaults$.$anonfun$scalaInstanceFromUpdate$14(Defaults.scala:1195)[0m
[0m[[0m[31merror[0m] [0m[0m	at sbt.Defaults$.$anonfun$scalaInstanceFromUpdate$14$adapted(Defaults.scala:1184)[0m
[0m[[0m[31merror[0m] [0m[0m	at scala.Option.foreach(Option.scala:407)[0m
[0m[[0m[31merror[0m] [0m[0m	at sbt.Defaults$.$anonfun$scalaInstanceFromUpdate$12(Defaults.scala:1184)[0m
[0m[[0m[31merror[0m] [0m[0m	at sbt.Defaults$.$anonfun$scalaInstanceFromUpdate$12$adapted(Defaults.scala:1182)[0m
[0m[[0m[31merror[0m] [0m[0m	at scala.collection.Iterator.foreach(Iterator.scala:943)[0m
[0m[[0m[31merror[0m] [0m[0m	at scala.collection.Iterator.foreach$(Iterator.scala:943)[0m
[0m[[0m[31merror[0m] [0m[0m	at scala.collection.AbstractIterator.foreach(Iterator.scala:1431)[0m
[0m[[0m[31merror[0m] [0m[0m	at scala.collection.IterableLike.foreach(IterableLike.scala:74)[0m
[0m[[0m[31merror[0m] [0m[0m	at scala.collection.IterableLike.foreach$(IterableLike.scala:73)[0m
[0m[[0m[31merror[0m] [0m[0m	at scala.collection.AbstractIterable.foreach(Iterable.scala:56)[0m
[0m[[0m[31merror[0m] [0m[0m	at sbt.Defaults$.$anonfun$scalaInstanceFromUpdate$11(Defaults.scala:1182)[0m
[0m[[0m[31merror[0m] [0m[0m	at sbt.Defaults$.$anonfun$scalaInstanceFromUpdate$11$adapted(Defaults.scala:1181)[0m
[0m[[0m[31merror[0m] [0m[0m	at scala.Option.foreach(Option.scala:407)[0m
[0m[[0m[31merror[0m] [0m[0m	at sbt.Defaults$.$anonfun$scalaInstanceFromUpdate$1(Defaults.scala:1181)[0m
[0m[[0m[31merror[0m] [0m[0m	at scala.Function1.$anonfun$compose$1(Function1.scala:49)[0m
[0m[[0m[31merror[0m] [0m[0m	at sbt.internal.util.$tilde$greater.$anonfun$$u2219$1(TypeFunctions.scala:63)[0m
[0m[[0m[31merror[0m] [0m[0m	at sbt.std.Transform$$anon$4.work(Transform.scala:69)[0m
[0m[[0m[31merror[0m] [0m[0m	at sbt.Execute.$anonfun$submit$2(Execute.scala:283)[0m
[0m[[0m[31merror[0m] [0m[0m	at sbt.internal.util.ErrorHandling$.wideConvert(ErrorHandling.scala:24)[0m
[0m[[0m[31merror[0m] [0m[0m	at sbt.Execute.work(Execute.scala:292)[0m
[0m[[0m[31merror[0m] [0m[0m	at sbt.Execute.$anonfun$submit$1(Execute.scala:283)[0m
[0m[[0m[31merror[0m] [0m[0m	at sbt.ConcurrentRestrictions$$anon$4.$anonfun$submitValid$1(ConcurrentRestrictions.scala:265)[0m
[0m[[0m[31merror[0m] [0m[0m	at sbt.CompletionService$$anon$2.call(CompletionService.scala:65)[0m
[0m[[0m[31merror[0m] [0m[0m	at java.base/java.util.concurrent.FutureTask.run(FutureTask.java:264)[0m
[0m[[0m[31merror[0m] [0m[0m	at java.base/java.util.concurrent.Executors$RunnableAdapter.call(Executors.java:539)[0m
[0m[[0m[31merror[0m] [0m[0m	at java.base/java.util.concurrent.FutureTask.run(FutureTask.java:264)[0m
[0m[[0m[31merror[0m] [0m[0m	at java.base/java.util.concurrent.ThreadPoolExecutor.runWorker(ThreadPoolExecutor.java:1136)[0m
[0m[[0m[31merror[0m] [0m[0m	at java.base/java.util.concurrent.ThreadPoolExecutor$Worker.run(ThreadPoolExecutor.java:635)[0m
[0m[[0m[31merror[0m] [0m[0m	at java.base/java.lang.Thread.run(Thread.java:842)[0m
[0m[[0m[31merror[0m] [0m[0m([31mscalaInstance[0m) expected `stock-trading-simulation/scalaVersion` to be "2.13.10" or later,[0m
[0m[[0m[31merror[0m] [0m[0mbut found "2.13.8"; upgrade scalaVersion to fix the build.[0m
[0m[[0m[31merror[0m] [0m[0m[0m
[0m[[0m[31merror[0m] [0m[0mto support backwards-only binary compatibility (SIP-51),[0m
[0m[[0m[31merror[0m] [0m[0mthe Scala 2.13 compiler cannot be older than scala-library on the[0m
[0m[[0m[31merror[0m] [0m[0mdependency classpath.[0m
[0m[[0m[31merror[0m] [0m[0msee `stock-trading-simulation/evicted` to know why scala-library 2.13.10 is getting pulled in.[0m
[0m[[0m[31merror[0m] [0m[0mTotal time: 7 s, completed 6 июн. 2025 г., 10:58:10[0m
[0m[[0m[0mdebug[0m] [0m[0m> Exec(idea-shell, None, None)[0m
